0 info it worked if it ends with ok
1 verbose cli [ '/usr/bin/nodejs', '/usr/local/bin/npm', 'start' ]
2 info using npm@3.3.12
3 info using node@v4.2.6
4 verbose run-script [ 'prestart', 'start', 'poststart' ]
5 info lifecycle fl-form@0.0.1~prestart: fl-form@0.0.1
6 silly lifecycle fl-form@0.0.1~prestart: no script for prestart, continuing
7 info lifecycle fl-form@0.0.1~start: fl-form@0.0.1
8 verbose lifecycle fl-form@0.0.1~start: unsafe-perm in lifecycle true
9 verbose lifecycle fl-form@0.0.1~start: PATH: /usr/local/lib/node_modules/npm/bin/node-gyp-bin:/home/marcelo/Programs/FourLabs/Components/fl-form/node_modules/.bin:/usr/local/sbin:/usr/local/bin:/usr/sbin:/usr/bin:/sbin:/bin:/usr/games:/usr/local/games:$ANDROID_HOME/tools:$JAVA_HOME/bin:$ANDROID_HOME/platform-tools
10 verbose lifecycle fl-form@0.0.1~start: CWD: /home/marcelo/Programs/FourLabs/Components/fl-form
11 silly lifecycle fl-form@0.0.1~start: Args: [ '-c', 'node server/server.js' ]
12 silly lifecycle fl-form@0.0.1~start: Returned: code: 1  signal: null
13 info lifecycle fl-form@0.0.1~start: Failed to exec start script
14 verbose stack Error: fl-form@0.0.1 start: `node server/server.js`
14 verbose stack Exit status 1
14 verbose stack     at EventEmitter.<anonymous> (/usr/local/lib/node_modules/npm/lib/utils/lifecycle.js:232:16)
14 verbose stack     at emitTwo (events.js:87:13)
14 verbose stack     at EventEmitter.emit (events.js:172:7)
14 verbose stack     at ChildProcess.<anonymous> (/usr/local/lib/node_modules/npm/lib/utils/spawn.js:24:14)
14 verbose stack     at emitTwo (events.js:87:13)
14 verbose stack     at ChildProcess.emit (events.js:172:7)
14 verbose stack     at maybeClose (internal/child_process.js:821:16)
14 verbose stack     at Process.ChildProcess._handle.onexit (internal/child_process.js:211:5)
15 verbose pkgid fl-form@0.0.1
16 verbose cwd /home/marcelo/Programs/FourLabs/Components/fl-form
17 error Linux 3.19.0-31-generic
18 error argv "/usr/bin/nodejs" "/usr/local/bin/npm" "start"
19 error node v4.2.6
20 error npm  v3.3.12
21 error code ELIFECYCLE
22 error fl-form@0.0.1 start: `node server/server.js`
22 error Exit status 1
23 error Failed at the fl-form@0.0.1 start script 'node server/server.js'.
23 error Make sure you have the latest version of node.js and npm installed.
23 error If you do, this is most likely a problem with the fl-form package,
23 error not with npm itself.
23 error Tell the author that this fails on your system:
23 error     node server/server.js
23 error You can get their info via:
23 error     npm owner ls fl-form
23 error There is likely additional logging output above.
24 verbose exit [ 1, true ]
